<?xml version="1.0" encoding="UTF-8"?>
<!-- Generated by org.testng.reporters.JUnitReportReporter -->
<testsuite skipped="0" hostname="DESKTOP-454PVAL" name="sanity.SauceDemoWeb" tests="9" failures="0" timestamp="2022-05-04T09:09:54 IDT" time="37.114" errors="1">
  <testcase name="test05_LogOut" time="1.835" classname="sanity.SauceDemoWeb"/>
  <testcase name="test03_RemoveShoppingCartButtons" time="1.833" classname="sanity.SauceDemoWeb"/>
  <testcase name="test05_LogOut" time="1.927" classname="sanity.SauceDemoWeb"/>
  <testcase name="test05_LogOut" time="6.787" classname="sanity.SauceDemoWeb"/>
  <testcase name="test06_About" time="17.494" classname="sanity.SauceDemoWeb"/>
  <testcase name="test01_verifyLogin" time="2.607" classname="sanity.SauceDemoWeb"/>
  <testcase name="test07_VerifyImage" time="0.404" classname="sanity.SauceDemoWeb">
    <error type="java.lang.ExceptionInInitializerError">
      <![CDATA[java.lang.ExceptionInInitializerError
at org.sikuli.script.Image.get(Image.java:1007)
at org.sikuli.script.Image.create(Image.java:661)
at org.sikuli.script.Element.getImageFromTarget(Element.java:378)
at org.sikuli.script.Region.find(Region.java:2257)
at extensions.Verifications.visualElement(Verifications.java:68)
at sanity.SauceDemoWeb.test07_VerifyImage(SauceDemoWeb.java:69)
at sun.reflect.NativeMethodAccessorImpl.invoke0(Native Method)
at sun.reflect.NativeMethodAccessorImpl.invoke(Unknown Source)
at sun.reflect.DelegatingMethodAccessorImpl.invoke(Unknown Source)
at java.lang.reflect.Method.invoke(Unknown Source)
at org.testng.internal.MethodInvocationHelper.invokeMethod(MethodInvocationHelper.java:133)
at org.testng.internal.TestInvoker.invokeMethod(TestInvoker.java:584)
at org.testng.internal.TestInvoker.invokeTestMethod(TestInvoker.java:172)
at org.testng.internal.MethodRunner.runInSequence(MethodRunner.java:46)
at org.testng.internal.TestInvoker$MethodInvocationAgent.invoke(TestInvoker.java:804)
at org.testng.internal.TestInvoker.invokeTestMethods(TestInvoker.java:145)
at org.testng.internal.TestMethodWorker.invokeTestMethods(TestMethodWorker.java:146)
at org.testng.internal.TestMethodWorker.run(TestMethodWorker.java:128)
at java.util.ArrayList.forEach(Unknown Source)
at org.testng.TestRunner.privateRun(TestRunner.java:770)
at org.testng.TestRunner.run(TestRunner.java:591)
at org.testng.SuiteRunner.runTest(SuiteRunner.java:402)
at org.testng.SuiteRunner.runSequentially(SuiteRunner.java:396)
at org.testng.SuiteRunner.privateRun(SuiteRunner.java:355)
at org.testng.SuiteRunner.run(SuiteRunner.java:304)
at org.testng.SuiteRunnerWorker.runSuite(SuiteRunnerWorker.java:53)
at org.testng.SuiteRunnerWorker.run(SuiteRunnerWorker.java:96)
at org.testng.TestNG.runSuitesSequentially(TestNG.java:1180)
at org.testng.TestNG.runSuitesLocally(TestNG.java:1102)
at org.testng.TestNG.runSuites(TestNG.java:1032)
at org.testng.TestNG.run(TestNG.java:1000)
at org.apache.maven.surefire.testng.TestNGExecutor.run(TestNGExecutor.java:283)
at org.apache.maven.surefire.testng.TestNGXmlTestSuite.execute(TestNGXmlTestSuite.java:75)
at org.apache.maven.surefire.testng.TestNGProvider.invoke(TestNGProvider.java:120)
at org.apache.maven.surefire.booter.ForkedBooter.invokeProviderInSameClassLoader(ForkedBooter.java:384)
at org.apache.maven.surefire.booter.ForkedBooter.runSuitesInProcess(ForkedBooter.java:345)
at org.apache.maven.surefire.booter.ForkedBooter.execute(ForkedBooter.java:126)
at org.apache.maven.surefire.booter.ForkedBooter.main(ForkedBooter.java:418)
Caused by: org.sikuli.script.SikuliXception: SikuliX fatal Error: System must be 64-Bit
at org.sikuli.script.support.Commons.<clinit>(Commons.java:38)
... 38 more
]]>
    </error>
  </testcase> <!-- test07_VerifyImage -->
  <testcase name="test04_verifyFilter" time="2.096" classname="sanity.SauceDemoWeb"/>
  <testcase name="test02_ShoppingCartButtons" time="2.131" classname="sanity.SauceDemoWeb"/>
</testsuite> <!-- sanity.SauceDemoWeb -->
